# JRE version: Java(TM) SE Runtime Environment (17.0.12+8) (build 17.0.12+8-LTS-286)
# Java VM: Java HotSpot(TM) 64-Bit Server VM (17.0.12+8-LTS-286, mixed mode, sharing, tiered, compressed oops, compressed class ptrs, g1 gc, windows-amd64)
GC Precious Log:
 CPUs: 8 total, 8 available
 Memory: 16251M
 Large Page Support: Disabled
 NUMA Support: Disabled
 Compressed Oops: Enabled (Zero based)
 Heap Region Size: 2M
 Heap Min Capacity: 8M
 Heap Initial Capacity: 254M
 Heap Max Capacity: 4064M
 Pre-touch: Disabled
 Parallel Workers: 8
 Concurrent Workers: 2
 Concurrent Refinement Workers: 8
 Periodic GC: Disabled
Heap:
 garbage-first heap   total 81920K, used 40506K [0x0000000702000000, 0x0000000800000000)
  region size 2048K, 6 young (12288K), 1 survivors (2048K)
 Metaspace       used 56673K, committed 57408K, reserved 1114112K
  class space    used 7418K, committed 7744K, reserved 1048576K
GC Heap History (20 events):
Event: 4.292 GC heap before
{Heap before GC invocations=7 (full 0):
 garbage-first heap   total 55296K, used 36128K [0x0000000702000000, 0x0000000800000000)
  region size 2048K, 11 young (22528K), 2 survivors (4096K)
 Metaspace       used 30535K, committed 31040K, reserved 1114112K
  class space    used 3917K, committed 4160K, reserved 1048576K
}
Event: 4.296 GC heap after
{Heap after GC invocations=8 (full 0):
 garbage-first heap   total 55296K, used 19199K [0x0000000702000000, 0x0000000800000000)
  region size 2048K, 1 young (2048K), 1 survivors (2048K)
 Metaspace       used 30535K, committed 31040K, reserved 1114112K
  class space    used 3917K, committed 4160K, reserved 1048576K
}
Event: 4.802 GC heap before
{Heap before GC invocations=8 (full 0):
 garbage-first heap   total 55296K, used 35583K [0x0000000702000000, 0x0000000800000000)
  region size 2048K, 10 young (20480K), 1 survivors (2048K)
 Metaspace       used 35595K, committed 35968K, reserved 1114112K
  class space    used 4616K, committed 4800K, reserved 1048576K
}
Event: 4.806 GC heap after
{Heap after GC invocations=9 (full 0):
 garbage-first heap   total 157696K, used 20605K [0x0000000702000000, 0x0000000800000000)
  region size 2048K, 2 young (4096K), 2 survivors (4096K)
 Metaspace       used 35595K, committed 35968K, reserved 1114112K
  class space    used 4616K, committed 4800K, reserved 1048576K
}
Event: 5.688 GC heap before
{Heap before GC invocations=10 (full 0):
 garbage-first heap   total 81920K, used 65661K [0x0000000702000000, 0x0000000800000000)
  region size 2048K, 24 young (49152K), 2 survivors (4096K)
 Metaspace       used 43299K, committed 43840K, reserved 1114112K
  class space    used 5688K, committed 5952K, reserved 1048576K
}
Event: 5.695 GC heap after
{Heap after GC invocations=11 (full 0):
 garbage-first heap   total 81920K, used 25107K [0x0000000702000000, 0x0000000800000000)
  region size 2048K, 3 young (6144K), 3 survivors (6144K)
 Metaspace       used 43299K, committed 43840K, reserved 1114112K
  class space    used 5688K, committed 5952K, reserved 1048576K
}
Event: 6.340 GC heap before
{Heap before GC invocations=12 (full 0):
 garbage-first heap   total 81920K, used 59923K [0x0000000702000000, 0x0000000800000000)
  region size 2048K, 20 young (40960K), 3 survivors (6144K)
 Metaspace       used 46162K, committed 46656K, reserved 1114112K
  class space    used 6076K, committed 6336K, reserved 1048576K
}
Event: 6.349 GC heap after
{Heap after GC invocations=13 (full 0):
 garbage-first heap   total 81920K, used 28198K [0x0000000702000000, 0x0000000800000000)
  region size 2048K, 2 young (4096K), 2 survivors (4096K)
 Metaspace       used 46162K, committed 46656K, reserved 1114112K
  class space    used 6076K, committed 6336K, reserved 1048576K
}
Event: 18.233 GC heap before
{Heap before GC invocations=13 (full 0):
 garbage-first heap   total 81920K, used 60966K [0x0000000702000000, 0x0000000800000000)
  region size 2048K, 18 young (36864K), 2 survivors (4096K)
 Metaspace       used 49881K, committed 50368K, reserved 1114112K
  class space    used 6615K, committed 6848K, reserved 1048576K
}
Event: 18.239 GC heap after
{Heap after GC invocations=14 (full 0):
 garbage-first heap   total 81920K, used 30330K [0x0000000702000000, 0x0000000800000000)
  region size 2048K, 3 young (6144K), 3 survivors (6144K)
 Metaspace       used 49881K, committed 50368K, reserved 1114112K
  class space    used 6615K, committed 6848K, reserved 1048576K
}
Event: 61.303 GC heap before
{Heap before GC invocations=14 (full 0):
 garbage-first heap   total 81920K, used 59002K [0x0000000702000000, 0x0000000800000000)
  region size 2048K, 18 young (36864K), 3 survivors (6144K)
 Metaspace       used 55288K, committed 55936K, reserved 1114112K
  class space    used 7322K, committed 7616K, reserved 1048576K
}
Event: 61.311 GC heap after
{Heap after GC invocations=15 (full 0):
 garbage-first heap   total 81920K, used 31970K [0x0000000702000000, 0x0000000800000000)
  region size 2048K, 3 young (6144K), 3 survivors (6144K)
 Metaspace       used 55288K, committed 55936K, reserved 1114112K
  class space    used 7322K, committed 7616K, reserved 1048576K
}
Event: 249.565 GC heap before
{Heap before GC invocations=15 (full 0):
 garbage-first heap   total 81920K, used 62690K [0x0000000702000000, 0x0000000800000000)
  region size 2048K, 18 young (36864K), 3 survivors (6144K)
 Metaspace       used 55887K, committed 56512K, reserved 1114112K
  class space    used 7385K, committed 7680K, reserved 1048576K
}
Event: 249.569 GC heap after
{Heap after GC invocations=16 (full 0):
 garbage-first heap   total 81920K, used 32215K [0x0000000702000000, 0x0000000800000000)
  region size 2048K, 1 young (2048K), 1 survivors (2048K)
 Metaspace       used 55887K, committed 56512K, reserved 1114112K
  class space    used 7385K, committed 7680K, reserved 1048576K
}
Event: 443.421 GC heap before
{Heap before GC invocations=16 (full 0):
 garbage-first heap   total 81920K, used 64983K [0x0000000702000000, 0x0000000800000000)
  region size 2048K, 17 young (34816K), 1 survivors (2048K)
 Metaspace       used 56277K, committed 57024K, reserved 1114112K
  class space    used 7411K, committed 7744K, reserved 1048576K
}
Event: 443.424 GC heap after
{Heap after GC invocations=17 (full 0):
 garbage-first heap   total 81920K, used 32314K [0x0000000702000000, 0x0000000800000000)
  region size 2048K, 1 young (2048K), 1 survivors (2048K)
 Metaspace       used 56277K, committed 57024K, reserved 1114112K
  class space    used 7411K, committed 7744K, reserved 1048576K
}
Event: 672.251 GC heap before
{Heap before GC invocations=17 (full 0):
 garbage-first heap   total 81920K, used 65082K [0x0000000702000000, 0x0000000800000000)
  region size 2048K, 17 young (34816K), 1 survivors (2048K)
 Metaspace       used 56394K, committed 57088K, reserved 1114112K
  class space    used 7418K, committed 7744K, reserved 1048576K
}
Event: 672.254 GC heap after
{Heap after GC invocations=18 (full 0):
 garbage-first heap   total 81920K, used 32310K [0x0000000702000000, 0x0000000800000000)
  region size 2048K, 1 young (2048K), 1 survivors (2048K)
 Metaspace       used 56394K, committed 57088K, reserved 1114112K
  class space    used 7418K, committed 7744K, reserved 1048576K
}
Event: 867.902 GC heap before
{Heap before GC invocations=18 (full 0):
 garbage-first heap   total 81920K, used 65078K [0x0000000702000000, 0x0000000800000000)
  region size 2048K, 17 young (34816K), 1 survivors (2048K)
 Metaspace       used 56647K, committed 57344K, reserved 1114112K
  class space    used 7418K, committed 7744K, reserved 1048576K
}
Event: 867.906 GC heap after
{Heap after GC invocations=19 (full 0):
 garbage-first heap   total 81920K, used 32314K [0x0000000702000000, 0x0000000800000000)
  region size 2048K, 1 young (2048K), 1 survivors (2048K)
 Metaspace       used 56647K, committed 57344K, reserved 1114112K
  class space    used 7418K, committed 7744K, reserved 1048576K
}

