# JRE version: Java(TM) SE Runtime Environment (17.0.12+8) (build 17.0.12+8-LTS-286)
# Java VM: Java HotSpot(TM) 64-Bit Server VM (17.0.12+8-LTS-286, mixed mode, sharing, tiered, compressed oops, compressed class ptrs, g1 gc, windows-amd64)
GC Precious Log:
 CPUs: 8 total, 8 available
 Memory: 16251M
 Large Page Support: Disabled
 NUMA Support: Disabled
 Compressed Oops: Enabled (Zero based)
 Heap Region Size: 2M
 Heap Min Capacity: 8M
 Heap Initial Capacity: 254M
 Heap Max Capacity: 4064M
 Pre-touch: Disabled
 Parallel Workers: 8
 Concurrent Workers: 2
 Concurrent Refinement Workers: 8
 Periodic GC: Disabled
Heap:
 garbage-first heap   total 81920K, used 36277K [0x0000000702000000, 0x0000000800000000)
  region size 2048K, 4 young (8192K), 1 survivors (2048K)
 Metaspace       used 56727K, committed 57344K, reserved 1114112K
  class space    used 7440K, committed 7744K, reserved 1048576K
GC Heap History (20 events):
Event: 3.273 GC heap before
{Heap before GC invocations=4 (full 0):
 garbage-first heap   total 55296K, used 38150K [0x0000000702000000, 0x0000000800000000)
  region size 2048K, 16 young (32768K), 4 survivors (8192K)
 Metaspace       used 24259K, committed 24640K, reserved 1114112K
  class space    used 3061K, committed 3264K, reserved 1048576K
}
Event: 3.281 GC heap after
{Heap after GC invocations=5 (full 0):
 garbage-first heap   total 55296K, used 15567K [0x0000000702000000, 0x0000000800000000)
  region size 2048K, 2 young (4096K), 2 survivors (4096K)
 Metaspace       used 24259K, committed 24640K, reserved 1114112K
  class space    used 3061K, committed 3264K, reserved 1048576K
}
Event: 3.335 GC heap before
{Heap before GC invocations=5 (full 0):
 garbage-first heap   total 55296K, used 15567K [0x0000000702000000, 0x0000000800000000)
  region size 2048K, 3 young (6144K), 2 survivors (4096K)
 Metaspace       used 24578K, committed 25024K, reserved 1114112K
  class space    used 3093K, committed 3328K, reserved 1048576K
}
Event: 3.340 GC heap after
{Heap after GC invocations=6 (full 0):
 garbage-first heap   total 55296K, used 16001K [0x0000000702000000, 0x0000000800000000)
  region size 2048K, 1 young (2048K), 1 survivors (2048K)
 Metaspace       used 24578K, committed 25024K, reserved 1114112K
  class space    used 3093K, committed 3328K, reserved 1048576K
}
Event: 3.866 GC heap before
{Heap before GC invocations=6 (full 0):
 garbage-first heap   total 55296K, used 36481K [0x0000000702000000, 0x0000000800000000)
  region size 2048K, 11 young (22528K), 1 survivors (2048K)
 Metaspace       used 28638K, committed 29056K, reserved 1114112K
  class space    used 3657K, committed 3840K, reserved 1048576K
}
Event: 3.869 GC heap after
{Heap after GC invocations=7 (full 0):
 garbage-first heap   total 55296K, used 17676K [0x0000000702000000, 0x0000000800000000)
  region size 2048K, 2 young (4096K), 2 survivors (4096K)
 Metaspace       used 28638K, committed 29056K, reserved 1114112K
  class space    used 3657K, committed 3840K, reserved 1048576K
}
Event: 4.246 GC heap before
{Heap before GC invocations=7 (full 0):
 garbage-first heap   total 55296K, used 36108K [0x0000000702000000, 0x0000000800000000)
  region size 2048K, 11 young (22528K), 2 survivors (4096K)
 Metaspace       used 30538K, committed 31040K, reserved 1114112K
  class space    used 3917K, committed 4160K, reserved 1048576K
}
Event: 4.250 GC heap after
{Heap after GC invocations=8 (full 0):
 garbage-first heap   total 55296K, used 19273K [0x0000000702000000, 0x0000000800000000)
  region size 2048K, 1 young (2048K), 1 survivors (2048K)
 Metaspace       used 30538K, committed 31040K, reserved 1114112K
  class space    used 3917K, committed 4160K, reserved 1048576K
}
Event: 4.721 GC heap before
{Heap before GC invocations=8 (full 0):
 garbage-first heap   total 55296K, used 35657K [0x0000000702000000, 0x0000000800000000)
  region size 2048K, 10 young (20480K), 1 survivors (2048K)
 Metaspace       used 35583K, committed 35968K, reserved 1114112K
  class space    used 4612K, committed 4800K, reserved 1048576K
}
Event: 4.726 GC heap after
{Heap after GC invocations=9 (full 0):
 garbage-first heap   total 157696K, used 20560K [0x0000000702000000, 0x0000000800000000)
  region size 2048K, 2 young (4096K), 2 survivors (4096K)
 Metaspace       used 35583K, committed 35968K, reserved 1114112K
  class space    used 4612K, committed 4800K, reserved 1048576K
}
Event: 5.583 GC heap before
{Heap before GC invocations=10 (full 0):
 garbage-first heap   total 81920K, used 65616K [0x0000000702000000, 0x0000000800000000)
  region size 2048K, 24 young (49152K), 2 survivors (4096K)
 Metaspace       used 43313K, committed 43840K, reserved 1114112K
  class space    used 5693K, committed 5952K, reserved 1048576K
}
Event: 5.589 GC heap after
{Heap after GC invocations=11 (full 0):
 garbage-first heap   total 81920K, used 24913K [0x0000000702000000, 0x0000000800000000)
  region size 2048K, 3 young (6144K), 3 survivors (6144K)
 Metaspace       used 43313K, committed 43840K, reserved 1114112K
  class space    used 5693K, committed 5952K, reserved 1048576K
}
Event: 6.179 GC heap before
{Heap before GC invocations=12 (full 0):
 garbage-first heap   total 81920K, used 59729K [0x0000000702000000, 0x0000000800000000)
  region size 2048K, 20 young (40960K), 3 survivors (6144K)
 Metaspace       used 46063K, committed 46656K, reserved 1114112K
  class space    used 6050K, committed 6336K, reserved 1048576K
}
Event: 6.187 GC heap after
{Heap after GC invocations=13 (full 0):
 garbage-first heap   total 81920K, used 27882K [0x0000000702000000, 0x0000000800000000)
  region size 2048K, 2 young (4096K), 2 survivors (4096K)
 Metaspace       used 46063K, committed 46656K, reserved 1114112K
  class space    used 6050K, committed 6336K, reserved 1048576K
}
Event: 10.360 GC heap before
{Heap before GC invocations=13 (full 0):
 garbage-first heap   total 81920K, used 60650K [0x0000000702000000, 0x0000000800000000)
  region size 2048K, 18 young (36864K), 2 survivors (4096K)
 Metaspace       used 49901K, committed 50432K, reserved 1114112K
  class space    used 6618K, committed 6848K, reserved 1048576K
}
Event: 10.367 GC heap after
{Heap after GC invocations=14 (full 0):
 garbage-first heap   total 81920K, used 30259K [0x0000000702000000, 0x0000000800000000)
  region size 2048K, 3 young (6144K), 3 survivors (6144K)
 Metaspace       used 49901K, committed 50432K, reserved 1114112K
  class space    used 6618K, committed 6848K, reserved 1048576K
}
Event: 151.734 GC heap before
{Heap before GC invocations=14 (full 0):
 garbage-first heap   total 81920K, used 60979K [0x0000000702000000, 0x0000000800000000)
  region size 2048K, 18 young (36864K), 3 survivors (6144K)
 Metaspace       used 52957K, committed 53504K, reserved 1114112K
  class space    used 6990K, committed 7232K, reserved 1048576K
}
Event: 151.743 GC heap after
{Heap after GC invocations=15 (full 0):
 garbage-first heap   total 81920K, used 31185K [0x0000000702000000, 0x0000000800000000)
  region size 2048K, 2 young (4096K), 2 survivors (4096K)
 Metaspace       used 52957K, committed 53504K, reserved 1114112K
  class space    used 6990K, committed 7232K, reserved 1048576K
}
Event: 207.633 GC heap before
{Heap before GC invocations=15 (full 0):
 garbage-first heap   total 81920K, used 63953K [0x0000000702000000, 0x0000000800000000)
  region size 2048K, 18 young (36864K), 2 survivors (4096K)
 Metaspace       used 56168K, committed 56832K, reserved 1114112K
  class space    used 7383K, committed 7680K, reserved 1048576K
}
Event: 207.638 GC heap after
{Heap after GC invocations=16 (full 0):
 garbage-first heap   total 81920K, used 32181K [0x0000000702000000, 0x0000000800000000)
  region size 2048K, 1 young (2048K), 1 survivors (2048K)
 Metaspace       used 56168K, committed 56832K, reserved 1114112K
  class space    used 7383K, committed 7680K, reserved 1048576K
}

