# JRE version: Java(TM) SE Runtime Environment (17.0.12+8) (build 17.0.12+8-LTS-286)
# Java VM: Java HotSpot(TM) 64-Bit Server VM (17.0.12+8-LTS-286, mixed mode, sharing, tiered, compressed oops, compressed class ptrs, g1 gc, windows-amd64)
GC Precious Log:
 CPUs: 8 total, 8 available
 Memory: 16251M
 Large Page Support: Disabled
 NUMA Support: Disabled
 Compressed Oops: Enabled (Zero based)
 Heap Region Size: 2M
 Heap Min Capacity: 8M
 Heap Initial Capacity: 254M
 Heap Max Capacity: 4064M
 Pre-touch: Disabled
 Parallel Workers: 8
 Concurrent Workers: 2
 Concurrent Refinement Workers: 8
 Periodic GC: Disabled
Heap:
 garbage-first heap   total 90112K, used 41034K [0x0000000702000000, 0x0000000800000000)
  region size 2048K, 7 young (14336K), 2 survivors (4096K)
 Metaspace       used 57409K, committed 58112K, reserved 1114112K
  class space    used 7536K, committed 7872K, reserved 1048576K
GC Heap History (20 events):
Event: 3.361 GC heap before
{Heap before GC invocations=5 (full 0):
 garbage-first heap   total 55296K, used 15533K [0x0000000702000000, 0x0000000800000000)
  region size 2048K, 3 young (6144K), 2 survivors (4096K)
 Metaspace       used 24615K, committed 25024K, reserved 1114112K
  class space    used 3102K, committed 3328K, reserved 1048576K
}
Event: 3.367 GC heap after
{Heap after GC invocations=6 (full 0):
 garbage-first heap   total 55296K, used 15836K [0x0000000702000000, 0x0000000800000000)
  region size 2048K, 1 young (2048K), 1 survivors (2048K)
 Metaspace       used 24615K, committed 25024K, reserved 1114112K
  class space    used 3102K, committed 3328K, reserved 1048576K
}
Event: 3.871 GC heap before
{Heap before GC invocations=6 (full 0):
 garbage-first heap   total 55296K, used 36316K [0x0000000702000000, 0x0000000800000000)
  region size 2048K, 11 young (22528K), 1 survivors (2048K)
 Metaspace       used 28739K, committed 29120K, reserved 1114112K
  class space    used 3671K, committed 3840K, reserved 1048576K
}
Event: 3.875 GC heap after
{Heap after GC invocations=7 (full 0):
 garbage-first heap   total 55296K, used 17506K [0x0000000702000000, 0x0000000800000000)
  region size 2048K, 2 young (4096K), 2 survivors (4096K)
 Metaspace       used 28739K, committed 29120K, reserved 1114112K
  class space    used 3671K, committed 3840K, reserved 1048576K
}
Event: 4.236 GC heap before
{Heap before GC invocations=7 (full 0):
 garbage-first heap   total 55296K, used 35938K [0x0000000702000000, 0x0000000800000000)
  region size 2048K, 11 young (22528K), 2 survivors (4096K)
 Metaspace       used 30523K, committed 31040K, reserved 1114112K
  class space    used 3920K, committed 4160K, reserved 1048576K
}
Event: 4.241 GC heap after
{Heap after GC invocations=8 (full 0):
 garbage-first heap   total 55296K, used 19025K [0x0000000702000000, 0x0000000800000000)
  region size 2048K, 1 young (2048K), 1 survivors (2048K)
 Metaspace       used 30523K, committed 31040K, reserved 1114112K
  class space    used 3920K, committed 4160K, reserved 1048576K
}
Event: 4.712 GC heap before
{Heap before GC invocations=8 (full 0):
 garbage-first heap   total 55296K, used 35409K [0x0000000702000000, 0x0000000800000000)
  region size 2048K, 10 young (20480K), 1 survivors (2048K)
 Metaspace       used 35503K, committed 35968K, reserved 1114112K
  class space    used 4610K, committed 4864K, reserved 1048576K
}
Event: 4.717 GC heap after
{Heap after GC invocations=9 (full 0):
 garbage-first heap   total 157696K, used 20349K [0x0000000702000000, 0x0000000800000000)
  region size 2048K, 2 young (4096K), 2 survivors (4096K)
 Metaspace       used 35503K, committed 35968K, reserved 1114112K
  class space    used 4610K, committed 4864K, reserved 1048576K
}
Event: 5.597 GC heap before
{Heap before GC invocations=10 (full 0):
 garbage-first heap   total 90112K, used 69501K [0x0000000702000000, 0x0000000800000000)
  region size 2048K, 26 young (53248K), 2 survivors (4096K)
 Metaspace       used 43440K, committed 43968K, reserved 1114112K
  class space    used 5710K, committed 5952K, reserved 1048576K
}
Event: 5.604 GC heap after
{Heap after GC invocations=11 (full 0):
 garbage-first heap   total 90112K, used 25249K [0x0000000702000000, 0x0000000800000000)
  region size 2048K, 4 young (8192K), 4 survivors (8192K)
 Metaspace       used 43440K, committed 43968K, reserved 1114112K
  class space    used 5710K, committed 5952K, reserved 1048576K
}
Event: 6.303 GC heap before
{Heap before GC invocations=12 (full 0):
 garbage-first heap   total 90112K, used 66209K [0x0000000702000000, 0x0000000800000000)
  region size 2048K, 24 young (49152K), 4 survivors (8192K)
 Metaspace       used 46738K, committed 47232K, reserved 1114112K
  class space    used 6188K, committed 6400K, reserved 1048576K
}
Event: 6.311 GC heap after
{Heap after GC invocations=13 (full 0):
 garbage-first heap   total 90112K, used 28619K [0x0000000702000000, 0x0000000800000000)
  region size 2048K, 2 young (4096K), 2 survivors (4096K)
 Metaspace       used 46738K, committed 47232K, reserved 1114112K
  class space    used 6188K, committed 6400K, reserved 1048576K
}
Event: 117.885 GC heap before
{Heap before GC invocations=13 (full 0):
 garbage-first heap   total 90112K, used 67531K [0x0000000702000000, 0x0000000800000000)
  region size 2048K, 21 young (43008K), 2 survivors (4096K)
 Metaspace       used 50367K, committed 50944K, reserved 1114112K
  class space    used 6667K, committed 6912K, reserved 1048576K
}
Event: 117.891 GC heap after
{Heap after GC invocations=14 (full 0):
 garbage-first heap   total 90112K, used 30644K [0x0000000702000000, 0x0000000800000000)
  region size 2048K, 2 young (4096K), 2 survivors (4096K)
 Metaspace       used 50367K, committed 50944K, reserved 1114112K
  class space    used 6667K, committed 6912K, reserved 1048576K
}
Event: 122.439 GC heap before
{Heap before GC invocations=14 (full 0):
 garbage-first heap   total 90112K, used 63412K [0x0000000702000000, 0x0000000800000000)
  region size 2048K, 19 young (38912K), 2 survivors (4096K)
 Metaspace       used 55633K, committed 56256K, reserved 1114112K
  class space    used 7318K, committed 7616K, reserved 1048576K
}
Event: 122.445 GC heap after
{Heap after GC invocations=15 (full 0):
 garbage-first heap   total 90112K, used 32122K [0x0000000702000000, 0x0000000800000000)
  region size 2048K, 2 young (4096K), 2 survivors (4096K)
 Metaspace       used 55633K, committed 56256K, reserved 1114112K
  class space    used 7318K, committed 7616K, reserved 1048576K
}
Event: 265.010 GC heap before
{Heap before GC invocations=15 (full 0):
 garbage-first heap   total 90112K, used 66938K [0x0000000702000000, 0x0000000800000000)
  region size 2048K, 20 young (40960K), 2 survivors (4096K)
 Metaspace       used 56802K, committed 57472K, reserved 1114112K
  class space    used 7467K, committed 7808K, reserved 1048576K
}
Event: 265.014 GC heap after
{Heap after GC invocations=16 (full 0):
 garbage-first heap   total 90112K, used 32464K [0x0000000702000000, 0x0000000800000000)
  region size 2048K, 2 young (4096K), 2 survivors (4096K)
 Metaspace       used 56802K, committed 57472K, reserved 1114112K
  class space    used 7467K, committed 7808K, reserved 1048576K
}
Event: 268.813 GC heap before
{Heap before GC invocations=16 (full 0):
 garbage-first heap   total 90112K, used 67280K [0x0000000702000000, 0x0000000800000000)
  region size 2048K, 19 young (38912K), 2 survivors (4096K)
 Metaspace       used 57370K, committed 58112K, reserved 1114112K
  class space    used 7534K, committed 7872K, reserved 1048576K
}
Event: 268.816 GC heap after
{Heap after GC invocations=17 (full 0):
 garbage-first heap   total 90112K, used 32842K [0x0000000702000000, 0x0000000800000000)
  region size 2048K, 2 young (4096K), 2 survivors (4096K)
 Metaspace       used 57370K, committed 58112K, reserved 1114112K
  class space    used 7534K, committed 7872K, reserved 1048576K
}

